<?xml version="1.0" encoding="UTF-8"?>
<!-- Generated by org.testng.reporters.JUnitXMLReporter -->
<testsuite hostname="G10GNLT041" name="ARCRegressionTest-Building" tests="33" failures="1" timestamp="10 Nov 2017 11:26:08 GMT" time="3217.219" errors="0">
  <testcase name="loginCaseTest" time="41.681" classname="com.arc.testcases.MyBuildings.LEED.LoginCaseTest"/>
  <testcase name="clickSearchedProgramTest" time="24.4" classname="com.arc.testcases.MyBuildings.LEED.ClickSearchedProgramTest"/>
  <testcase name="addNewProjectTest" time="70.412" classname="com.arc.testcases.MyBuildings.LEED.AddNewProjectTest"/>
  <testcase name="paymentbyCCTest" time="62.06" classname="com.arc.testcases.MyBuildings.LEED.PaymentbyCCTest"/>
  <testcase name="baseScoreAttemptTest" time="239.479" classname="com.arc.testcases.MyBuildings.LEED.BasePointPdfFileUplaod"/>
  <testcase name="baseScoreAttemptTest" time="245.829" classname="com.arc.testcases.MyBuildings.LEED.RenewableAllBaseScoreAttemptTest"/>
  <testcase name="prerequisitesAttemptTest" time="151.938" classname="com.arc.testcases.MyBuildings.LEED.PrerequisitesPdfFileUploadTest"/>
  <testcase name="prerequisitesAttemptTest" time="149.134" classname="com.arc.testcases.MyBuildings.LEED.PrerequisitesTextFileUploadTest"/>
  <testcase name="prerequisitesAttemptTest" time="155.317" classname="com.arc.testcases.MyBuildings.LEED.PrerequisitesAttemptTest"/>
  <testcase name="energyMeterCreateTest" time="70.55" classname="com.arc.testcases.MyBuildings.LEED.EnergyMeterCreateTest"/>
  <testcase name="energyOtherMeterCreateTest" time="44.471" classname="com.arc.testcases.MyBuildings.LEED.OtherMeterCreateTest"/>
  <testcase name="waterMeterCreateTest" time="78.11" classname="com.arc.testcases.MyBuildings.LEED.WaterMeterCreateTest"/>
  <testcase name="wasteMeterCreateTest" time="66.302" classname="com.arc.testcases.MyBuildings.LEED.WasteMeterCreateTest"/>
  <testcase name="energyFileUploadTest" time="111.283" classname="com.arc.testcases.MyBuildings.LEED.EnergyFileUploadTest"/>
  <testcase name="waterFileUploadTest" time="54.747" classname="com.arc.testcases.MyBuildings.LEED.WaterFileUploadTest"/>
  <testcase name="energyMeterCreateTest" time="114.234" classname="com.arc.testcases.MyBuildings.LEED.InternationalLanguagesSpecaialCharacterMeterCreateTest"/>
  <testcase name="energyFileUploadTest" time="51.639" classname="com.arc.testcases.MyBuildings.LEED.ETotalAnalyticsTooltipTest"/>
  <testcase name="projectFieldVerificationTest" time="45.596" classname="com.arc.testcases.MyBuildings.LEED.ProjectFieldVerificationTest"/>
  <testcase name="projectDetailsVerificationTest" time="44.363" classname="com.arc.testcases.MyBuildings.LEED.ProjectDetailsVerificationTest">
    <failure type="java.lang.Error" message="Value is not correct expected [10000] but found [5000]">
      <![CDATA[java.lang.Error: Value is not correct expected [10000] but found [5000]
	at com.arc.driver.CommonMethod.assertEqualsmessageAttributevalue(CommonMethod.java:228)
	at com.arc.ReusableMethods.ReusableMethodsManage.VerifyProjectDetails(ReusableMethodsManage.java:120)
	at com.arc.testcases.MyBuildings.LEED.ProjectDetailsVerificationTest.projectDetailsVerificationTest(ProjectDetailsVerificationTest.java:36)
... Removed 28 stack frames]]>
    </failure>
  </testcase> <!-- projectDetailsVerificationTest -->
  <testcase name="modifyProjectDetailsTest" time="59.366" classname="com.arc.testcases.MyBuildings.LEED.ModifyOccOptHrsProjectDetailsTest"/>
  <testcase name="addTeamMemberTest" time="41.66" classname="com.arc.testcases.MyBuildings.LEED.AddTeamMemberTest"/>
  <testcase name="editMemberRoleManagerTest" time="50.533" classname="com.arc.testcases.MyBuildings.LEED.EditMemberRoleManagerTest"/>
  <testcase name="billingStatusVerificationTest" time="51.923" classname="com.arc.testcases.MyBuildings.LEED.VerifyPRFileDownloadTest"/>
  <testcase name="verifyAgreementFileDownloadTest" time="47.578" classname="com.arc.testcases.MyBuildings.LEED.VerifyAgreementFileDownloadTest"/>
  <testcase name="installAllAppsTest" time="57.695" classname="com.arc.testcases.MyBuildings.LEED.InstallAllAppsTest"/>
  <testcase name="installAllAppsTest" time="56.502" classname="com.arc.testcases.MyBuildings.LEED.UnistallAllAppsTest"/>
  <testcase name="billingDateVerificationTest" time="39.95" classname="com.arc.testcases.MyBuildings.LEED.BillingDateVerificationTest"/>
  <testcase name="billingRegistrationAmountVerificationTest" time="37.807" classname="com.arc.testcases.MyBuildings.LEED.BillingRegistrationAmountVerificationTest"/>
  <testcase name="energyTotalAnalyticsTest" time="40.814" classname="com.arc.testcases.MyBuildings.LEED.ETotalAnalyticsTest"/>
  <testcase name="carbonTotalTest" time="41.806" classname="com.arc.testcases.MyBuildings.LEED.CTotalAnalyticsTest"/>
  <testcase name="verifyWDailiyMTCO2Test" time="48.854" classname="com.arc.testcases.MyBuildings.LEED.WTotalAnalyticsTest"/>
  <testcase name="billingStatusVerificationTest" time="41.597" classname="com.arc.testcases.MyBuildings.LEED.BillingStatusVerificationTest"/>
  <testcase name="waterFileUploadTest" time="76.702" classname="com.arc.testcases.MyBuildings.LEED.PreCertReviewTest"/>
</testsuite> <!-- ARCRegressionTest-Building -->
