<?xml version="1.0" encoding="UTF-8"?>
<!-- Generated by org.testng.reporters.JUnitXMLReporter -->
<testsuite hostname="G10GNLT049" name="ARCRegressionTest-None-for-Communities" tests="17" failures="1" timestamp="20 Nov 2017 13:30:53 GMT" time="1241.423" errors="0">
  <testcase name="loginCase" time="28.564" classname="com.arc.testcases.MyCommunities.None.LoginCaseTest"/>
  <testcase name="addNewProject" time="54.594" classname="com.arc.testcases.MyCommunities.None.AddNewProjectTest"/>
  <testcase name="searchProgram" time="44.199" classname="com.arc.testcases.MyCommunities.None.SearchProgramTest"/>
  <testcase name="clickSearchedProgram" time="24.984" classname="com.arc.testcases.MyCommunities.None.ClickSearchedProgramTest"/>
  <testcase name="paymentbyCC" time="57.682" classname="com.arc.testcases.MyCommunities.None.PaymentbyCCTest"/>
  <testcase name="editProjectDetails" time="55.516" classname="com.arc.testcases.MyCommunities.None.EditProjectDetailsTest"/>
  <testcase name="projectFieldVerification" time="38.618" classname="com.arc.testcases.MyCommunities.None.ProjectFieldVerificationTest"/>
  <testcase name="projectDetailsVerification" time="40.137" classname="com.arc.testcases.MyCommunities.None.ProjectDetailsVerificationTest"/>
  <testcase name="addTeamMember" time="47.133" classname="com.arc.testcases.MyCommunities.None.AddTeamMemberTest"/>
  <testcase name="editMemberRoleManager" time="50.754" classname="com.arc.testcases.MyCommunities.None.EditMemberRoleManagerTest"/>
  <testcase name="verifyAgreementFileDownload" time="51.31" classname="com.arc.testcases.MyCommunities.None.VerifyAgreementFileDownloadTest"/>
  <testcase name="waterFileUploadTest" time="122.191" classname="com.arc.testcases.MyCommunities.None.PerformanceReviewTest">
    <failure type="java.lang.Error" message="Unable to locate element: {&amp;quot;method&amp;quot;:&amp;quot;xpath&amp;quot;,&amp;quot;selector&amp;quot;:&amp;quot;//span[text()=\&amp;quot;Successfully Submitted\&amp;quot;]&amp;quot;}
Command duration or timeout: 60.07 seconds
For documentation on this error, please visit: http://seleniumhq.org/exceptions/no_such_element.html
Build info: version: &amp;apos;2.53.1&amp;apos;, revision: &amp;apos;a36b8b1cd5757287168e54b817830adce9b0158d&amp;apos;, time: &amp;apos;2016-06-30 19:26:09&amp;apos;
System info: host: &amp;apos;G10GNLT049&amp;apos;, ip: &amp;apos;192.168.0.100&amp;apos;, os.name: &amp;apos;Windows 10&amp;apos;, os.arch: &amp;apos;amd64&amp;apos;, os.version: &amp;apos;10.0&amp;apos;, java.version: &amp;apos;1.8.0_151&amp;apos;
Driver info: org.openqa.selenium.firefox.FirefoxDriver
Capabilities [{applicationCacheEnabled=true, rotatable=false, handlesAlerts=true, databaseEnabled=true, version=32.0.2, platform=WINDOWS, nativeEvents=false, acceptSslCerts=true, webStorageEnabled=true, locationContextEnabled=true, browserName=firefox, takesScreenshot=true, javascriptEnabled=true, cssSelectorsEnabled=true}]
Session ID: 0aed8a4f-b039-415f-bf1a-8d6c76b2a0f7
*** Element info: {Using=xpath, value=//span[text()=&amp;quot;Successfully Submitted&amp;quot;]}">
      <![CDATA[java.lang.Error: Unable to locate element: {"method":"xpath","selector":"//span[text()=\"Successfully Submitted\"]"}
Command duration or timeout: 60.07 seconds
For documentation on this error, please visit: http://seleniumhq.org/exceptions/no_such_element.html
Build info: version: '2.53.1', revision: 'a36b8b1cd5757287168e54b817830adce9b0158d', time: '2016-06-30 19:26:09'
System info: host: 'G10GNLT049', ip: '192.168.0.100', os.name: 'Windows 10', os.arch: 'amd64', os.version: '10.0', java.version: '1.8.0_151'
Driver info: org.openqa.selenium.firefox.FirefoxDriver
Capabilities [{applicationCacheEnabled=true, rotatable=false, handlesAlerts=true, databaseEnabled=true, version=32.0.2, platform=WINDOWS, nativeEvents=false, acceptSslCerts=true, webStorageEnabled=true, locationContextEnabled=true, browserName=firefox, takesScreenshot=true, javascriptEnabled=true, cssSelectorsEnabled=true}]
Session ID: 0aed8a4f-b039-415f-bf1a-8d6c76b2a0f7
*** Element info: {Using=xpath, value=//span[text()="Successfully Submitted"]}
	at org.openqa.selenium.remote.ErrorHandler.createThrowable(ErrorHandler.java:206)
	at org.openqa.selenium.remote.ErrorHandler.throwIfResponseFailed(ErrorHandler.java:158)
	at org.openqa.selenium.remote.RemoteWebDriver.execute(RemoteWebDriver.java:678)
	at org.openqa.selenium.remote.RemoteWebDriver.findElement(RemoteWebDriver.java:363)
	at org.openqa.selenium.remote.RemoteWebDriver.findElementByXPath(RemoteWebDriver.java:500)
	at org.openqa.selenium.By$ByXPath.findElement(By.java:361)
	at org.openqa.selenium.remote.RemoteWebDriver.findElement(RemoteWebDriver.java:355)
	at com.arc.driver.CommonMethod.findElement(CommonMethod.java:86)
	at com.arc.driver.CommonMethod.getText(CommonMethod.java:177)
	at com.arc.ReusableMethods.ReusableMethodsReviewCertification.verifySuccessfullySubmittedPayment(ReusableMethodsReviewCertification.java:258)
	at com.arc.testcases.MyCommunities.None.PerformanceReviewTest.waterFileUploadTest(PerformanceReviewTest.java:32)
... Removed 28 stack frames]]>
    </failure>
  </testcase> <!-- waterFileUploadTest -->
  <testcase name="verifyCertificationStatus" time="37.887" classname="com.arc.testcases.MyCommunities.None.VerifyCertificationStatusTest"/>
  <testcase name="installAllApps" time="42.395" classname="com.arc.testcases.MyCommunities.None.InstallAllAppsTest"/>
  <testcase name="billingDateVerification" time="36.294" classname="com.arc.testcases.MyCommunities.None.BillingDateVerificationTest"/>
  <testcase name="billingRegistrationAmountVerification" time="46.527" classname="com.arc.testcases.MyCommunities.None.BillingRegistrationAmountVerificationTest"/>
  <testcase name="billingStatusVerification" time="35.317" classname="com.arc.testcases.MyCommunities.None.BillingStatusVerificationTest"/>
</testsuite> <!-- ARCRegressionTest-None-for-Communities -->
