<?xml version="1.0" encoding="UTF-8"?>
<!-- Generated by org.testng.reporters.JUnitXMLReporter -->
<testsuite hostname="G10GNLT041" name="ARCRegressionTest-Building-Transit" tests="3" failures="1" timestamp="14 Nov 2017 07:30:56 GMT" time="279.968" errors="0">
  <testcase name="PreCertReview" time="79.418" classname="com.arc.testcases.MyBuildings.LEEDfortransit.PreCertReviewTest"/>
  <testcase name="precertificationPay" time="87.642" classname="com.arc.testcases.MyBuildings.LEEDfortransit.PrecertificationPayTest">
    <failure type="java.lang.Error" message="Unable to locate element: {&amp;quot;method&amp;quot;:&amp;quot;xpath&amp;quot;,&amp;quot;selector&amp;quot;:&amp;quot;.//*[text()=&amp;apos;Submit for Review&amp;apos;]&amp;quot;}
Command duration or timeout: 65.66 seconds
For documentation on this error, please visit: http://seleniumhq.org/exceptions/no_such_element.html
Build info: version: &amp;apos;2.53.1&amp;apos;, revision: &amp;apos;a36b8b1cd5757287168e54b817830adce9b0158d&amp;apos;, time: &amp;apos;2016-06-30 19:26:09&amp;apos;
System info: host: &amp;apos;G10GNLT041&amp;apos;, ip: &amp;apos;172.18.0.18&amp;apos;, os.name: &amp;apos;Windows 7&amp;apos;, os.arch: &amp;apos;amd64&amp;apos;, os.version: &amp;apos;6.1&amp;apos;, java.version: &amp;apos;1.7.0_51&amp;apos;
*** Element info: {Using=xpath, value=.//*[text()=&amp;apos;Submit for Review&amp;apos;]}
Session ID: 0913b846-1437-4a7b-af1f-9895cb6b6b19
Driver info: org.openqa.selenium.firefox.FirefoxDriver
Capabilities [{platform=WINDOWS, acceptSslCerts=true, javascriptEnabled=true, cssSelectorsEnabled=true, databaseEnabled=true, browserName=firefox, handlesAlerts=true, nativeEvents=false, webStorageEnabled=true, rotatable=false, locationContextEnabled=true, applicationCacheEnabled=true, takesScreenshot=true, version=46.0}]">
      <![CDATA[java.lang.Error: Unable to locate element: {"method":"xpath","selector":".//*[text()='Submit for Review']"}
Command duration or timeout: 65.66 seconds
For documentation on this error, please visit: http://seleniumhq.org/exceptions/no_such_element.html
Build info: version: '2.53.1', revision: 'a36b8b1cd5757287168e54b817830adce9b0158d', time: '2016-06-30 19:26:09'
System info: host: 'G10GNLT041', ip: '172.18.0.18', os.name: 'Windows 7', os.arch: 'amd64', os.version: '6.1', java.version: '1.7.0_51'
*** Element info: {Using=xpath, value=.//*[text()='Submit for Review']}
Session ID: 0913b846-1437-4a7b-af1f-9895cb6b6b19
Driver info: org.openqa.selenium.firefox.FirefoxDriver
Capabilities [{platform=WINDOWS, acceptSslCerts=true, javascriptEnabled=true, cssSelectorsEnabled=true, databaseEnabled=true, browserName=firefox, handlesAlerts=true, nativeEvents=false, webStorageEnabled=true, rotatable=false, locationContextEnabled=true, applicationCacheEnabled=true, takesScreenshot=true, version=46.0}]
	at org.openqa.selenium.remote.ErrorHandler.createThrowable(ErrorHandler.java:206)
	at org.openqa.selenium.remote.ErrorHandler.throwIfResponseFailed(ErrorHandler.java:158)
	at org.openqa.selenium.remote.RemoteWebDriver.execute(RemoteWebDriver.java:678)
	at org.openqa.selenium.remote.RemoteWebDriver.findElement(RemoteWebDriver.java:363)
	at org.openqa.selenium.remote.RemoteWebDriver.findElementByXPath(RemoteWebDriver.java:500)
	at org.openqa.selenium.By$ByXPath.findElement(By.java:361)
	at org.openqa.selenium.remote.RemoteWebDriver.findElement(RemoteWebDriver.java:355)
	at com.arc.driver.CommonMethod.findElement(CommonMethod.java:85)
	at com.arc.driver.CommonMethod.click(CommonMethod.java:164)
	at com.arc.ReusableMethods.ReusableMethodsPrerequisites.ClickSubmitforReview(ReusableMethodsPrerequisites.java:68)
	at com.arc.testcases.MyBuildings.LEEDfortransit.PrecertificationPayTest.precertificationPay(PrecertificationPayTest.java:39)
... Removed 28 stack frames]]>
    </failure>
  </testcase> <!-- precertificationPay -->
  <testcase name="addNewProject" time="55.454" classname="com.arc.testcases.MyBuildings.LEEDfortransit.UnderGroundAddNewProjectTest"/>
</testsuite> <!-- ARCRegressionTest-Building-Transit -->
