<?xml version="1.0" encoding="UTF-8"?>
<!-- Generated by org.testng.reporters.JUnitXMLReporter -->
<testsuite hostname="G10GNLT049" name="ARCRegressionTest-Other-for-Communities" tests="17" failures="1" timestamp="20 Nov 2017 12:56:22 GMT" time="1332.565" errors="0">
  <testcase name="loginCase" time="35.816" classname="com.arc.testcases.MyCommunities.Other.LoginCaseTest"/>
  <testcase name="addNewProject" time="56.412" classname="com.arc.testcases.MyCommunities.Other.AddNewProjectTest"/>
  <testcase name="searchProgram" time="24.295" classname="com.arc.testcases.MyCommunities.Other.SearchProgramTest"/>
  <testcase name="clickSearchedProgram" time="34.51" classname="com.arc.testcases.MyCommunities.Other.ClickSearchedProgramTest"/>
  <testcase name="paymentbyCC" time="68.656" classname="com.arc.testcases.MyCommunities.Other.PaymentbyCCTest"/>
  <testcase name="editProjectDetails" time="52.185" classname="com.arc.testcases.MyCommunities.Other.EditProjectDetailsTest"/>
  <testcase name="projectFieldVerification" time="46.115" classname="com.arc.testcases.MyCommunities.Other.ProjectFieldVerificationTest"/>
  <testcase name="projectDetailsVerification" time="38.647" classname="com.arc.testcases.MyCommunities.Other.ProjectDetailsVerificationTest"/>
  <testcase name="addTeamMember" time="48.082" classname="com.arc.testcases.MyCommunities.Other.AddTeamMemberTest"/>
  <testcase name="editMemberRoleManager" time="57.747" classname="com.arc.testcases.MyCommunities.Other.EditMemberRoleManagerTest"/>
  <testcase name="verifyAgreementFileDownload" time="57.374" classname="com.arc.testcases.MyCommunities.Other.VerifyAgreementFileDownloadTest"/>
  <testcase name="waterFileUploadTest" time="127.813" classname="com.arc.testcases.MyCommunities.Other.PerformanceReviewTest">
    <failure type="java.lang.Error" message="Unable to locate element: {&amp;quot;method&amp;quot;:&amp;quot;xpath&amp;quot;,&amp;quot;selector&amp;quot;:&amp;quot;//span[text()=\&amp;quot;Successfully Submitted\&amp;quot;]&amp;quot;}
Command duration or timeout: 60.13 seconds
For documentation on this error, please visit: http://seleniumhq.org/exceptions/no_such_element.html
Build info: version: &amp;apos;2.53.1&amp;apos;, revision: &amp;apos;a36b8b1cd5757287168e54b817830adce9b0158d&amp;apos;, time: &amp;apos;2016-06-30 19:26:09&amp;apos;
System info: host: &amp;apos;G10GNLT049&amp;apos;, ip: &amp;apos;192.168.0.100&amp;apos;, os.name: &amp;apos;Windows 10&amp;apos;, os.arch: &amp;apos;amd64&amp;apos;, os.version: &amp;apos;10.0&amp;apos;, java.version: &amp;apos;1.8.0_151&amp;apos;
Driver info: org.openqa.selenium.firefox.FirefoxDriver
Capabilities [{applicationCacheEnabled=true, rotatable=false, handlesAlerts=true, databaseEnabled=true, version=32.0.2, platform=WINDOWS, nativeEvents=false, acceptSslCerts=true, webStorageEnabled=true, locationContextEnabled=true, browserName=firefox, takesScreenshot=true, javascriptEnabled=true, cssSelectorsEnabled=true}]
Session ID: 02730568-edcc-4105-b710-1100ab03b653
*** Element info: {Using=xpath, value=//span[text()=&amp;quot;Successfully Submitted&amp;quot;]}">
      <![CDATA[java.lang.Error: Unable to locate element: {"method":"xpath","selector":"//span[text()=\"Successfully Submitted\"]"}
Command duration or timeout: 60.13 seconds
For documentation on this error, please visit: http://seleniumhq.org/exceptions/no_such_element.html
Build info: version: '2.53.1', revision: 'a36b8b1cd5757287168e54b817830adce9b0158d', time: '2016-06-30 19:26:09'
System info: host: 'G10GNLT049', ip: '192.168.0.100', os.name: 'Windows 10', os.arch: 'amd64', os.version: '10.0', java.version: '1.8.0_151'
Driver info: org.openqa.selenium.firefox.FirefoxDriver
Capabilities [{applicationCacheEnabled=true, rotatable=false, handlesAlerts=true, databaseEnabled=true, version=32.0.2, platform=WINDOWS, nativeEvents=false, acceptSslCerts=true, webStorageEnabled=true, locationContextEnabled=true, browserName=firefox, takesScreenshot=true, javascriptEnabled=true, cssSelectorsEnabled=true}]
Session ID: 02730568-edcc-4105-b710-1100ab03b653
*** Element info: {Using=xpath, value=//span[text()="Successfully Submitted"]}
	at org.openqa.selenium.remote.ErrorHandler.createThrowable(ErrorHandler.java:206)
	at org.openqa.selenium.remote.ErrorHandler.throwIfResponseFailed(ErrorHandler.java:158)
	at org.openqa.selenium.remote.RemoteWebDriver.execute(RemoteWebDriver.java:678)
	at org.openqa.selenium.remote.RemoteWebDriver.findElement(RemoteWebDriver.java:363)
	at org.openqa.selenium.remote.RemoteWebDriver.findElementByXPath(RemoteWebDriver.java:500)
	at org.openqa.selenium.By$ByXPath.findElement(By.java:361)
	at org.openqa.selenium.remote.RemoteWebDriver.findElement(RemoteWebDriver.java:355)
	at com.arc.driver.CommonMethod.findElement(CommonMethod.java:86)
	at com.arc.driver.CommonMethod.getText(CommonMethod.java:177)
	at com.arc.ReusableMethods.ReusableMethodsReviewCertification.verifySuccessfullySubmittedPayment(ReusableMethodsReviewCertification.java:258)
	at com.arc.testcases.MyCommunities.Other.PerformanceReviewTest.waterFileUploadTest(PerformanceReviewTest.java:32)
... Removed 28 stack frames]]>
    </failure>
  </testcase> <!-- waterFileUploadTest -->
  <testcase name="verifyCertificationStatus" time="42.24" classname="com.arc.testcases.MyCommunities.Other.VerifyCertificationStatusTest"/>
  <testcase name="installAllApps" time="51.423" classname="com.arc.testcases.MyCommunities.Other.InstallAllAppsTest"/>
  <testcase name="billingDateVerification" time="40.767" classname="com.arc.testcases.MyCommunities.Other.BillingDateVerificationTest"/>
  <testcase name="billingRegistrationAmountVerification" time="47.589" classname="com.arc.testcases.MyCommunities.Other.BillingRegistrationAmountVerificationTest"/>
  <testcase name="billingStatusVerification" time="47.902" classname="com.arc.testcases.MyCommunities.Other.BillingStatusVerificationTest"/>
</testsuite> <!-- ARCRegressionTest-Other-for-Communities -->
