<?xml version="1.0" encoding="UTF-8"?>
<!-- Generated by org.testng.reporters.JUnitXMLReporter -->
<testsuite hostname="G10GNLT049" name="ARCRegressionTest-LEED-for-Communities" tests="17" failures="0" timestamp="20 Nov 2017 11:38:43 GMT" time="1182.506" errors="0">
  <testcase name="loginCase" time="26.283" classname="com.arc.testcases.MyCommunities.LEEDforCommunities.LoginCaseTest"/>
  <testcase name="addNewProject" time="64.689" classname="com.arc.testcases.MyCommunities.LEEDforCommunities.AddNewProjectTest"/>
  <testcase name="searchProgram" time="25.56" classname="com.arc.testcases.MyCommunities.LEEDforCommunities.SearchProgramTest"/>
  <testcase name="clickSearchedProgram" time="27.426" classname="com.arc.testcases.MyCommunities.LEEDforCommunities.ClickSearchedProgramTest"/>
  <testcase name="paymentbyCC" time="61.022" classname="com.arc.testcases.MyCommunities.LEEDforCommunities.PaymentbyCCTest"/>
  <testcase name="editProjectDetails" time="50.668" classname="com.arc.testcases.MyCommunities.LEEDforCommunities.EditProjectDetailsTest"/>
  <testcase name="projectFieldVerification" time="42.386" classname="com.arc.testcases.MyCommunities.LEEDforCommunities.ProjectFieldVerificationTest"/>
  <testcase name="projectDetailsVerification" time="42.507" classname="com.arc.testcases.MyCommunities.LEEDforCommunities.ProjectDetailsVerificationTest"/>
  <testcase name="addTeamMember" time="47.368" classname="com.arc.testcases.MyCommunities.LEEDforCommunities.AddTeamMemberTest"/>
  <testcase name="editMemberRoleManager" time="65.129" classname="com.arc.testcases.MyCommunities.LEEDforCommunities.EditMemberRoleManagerTest"/>
  <testcase name="verifyAgreementFileDownload" time="54.297" classname="com.arc.testcases.MyCommunities.LEEDforCommunities.VerifyAgreementFileDownloadTest"/>
  <testcase name="waterFileUploadTest" time="84.836" classname="com.arc.testcases.MyCommunities.LEEDforCommunities.PreCertReviewTest"/>
  <testcase name="verifyCertificationStatus" time="38.958" classname="com.arc.testcases.MyCommunities.LEEDforCommunities.VerifyCertificationStatusTest"/>
  <testcase name="installAllApps" time="45.847" classname="com.arc.testcases.MyCommunities.LEEDforCommunities.InstallAllAppsTest"/>
  <testcase name="billingDateVerification" time="40.951" classname="com.arc.testcases.MyCommunities.LEEDforCommunities.BillingDateVerificationTest"/>
  <testcase name="billingRegistrationAmountVerification" time="40.946" classname="com.arc.testcases.MyCommunities.LEEDforCommunities.BillingRegistrationAmountVerificationTest"/>
  <testcase name="billingStatusVerification" time="41.212" classname="com.arc.testcases.MyCommunities.LEEDforCommunities.BillingStatusVerificationTest"/>
</testsuite> <!-- ARCRegressionTest-LEED-for-Communities -->
