<?xml version="1.0" encoding="UTF-8"?>
<!-- Generated by org.testng.reporters.JUnitXMLReporter -->
<testsuite hostname="G10GNLT049" name="ARCRegressionTest-Building-None" tests="24" failures="0" timestamp="19 Nov 2017 09:27:14 GMT" time="1646.29" errors="0">
  <testcase name="@BeforeClass setup" time="0.0" classname="com.arc.testcases.MyBuildings.None.AddNewProjectTest">
    <failure type="org.openqa.selenium.TimeoutException" message="timeout
  (Session info: chrome=62.0.3202.94)
  (Driver info: chromedriver=2.33.506120 (e3e53437346286c0bc2d2dc9aa4915ba81d9023f),platform=Windows NT 10.0.15063 x86_64) (WARNING: The server did not provide any stacktrace information)
Command duration or timeout: 300.03 seconds
Build info: version: &amp;apos;2.53.1&amp;apos;, revision: &amp;apos;a36b8b1cd5757287168e54b817830adce9b0158d&amp;apos;, time: &amp;apos;2016-06-30 19:26:09&amp;apos;
System info: host: &amp;apos;G10GNLT049&amp;apos;, ip: &amp;apos;192.168.0.102&amp;apos;, os.name: &amp;apos;Windows 10&amp;apos;, os.arch: &amp;apos;amd64&amp;apos;, os.version: &amp;apos;10.0&amp;apos;, java.version: &amp;apos;1.8.0_151&amp;apos;
Driver info: org.openqa.selenium.chrome.ChromeDriver
Capabilities [{applicationCacheEnabled=false, rotatable=false, mobileEmulationEnabled=false, networkConnectionEnabled=false, chrome={chromedriverVersion=2.33.506120 (e3e53437346286c0bc2d2dc9aa4915ba81d9023f), userDataDir=C:\Users\Lenovo\AppData\Local\Temp\scoped_dir74732_9203}, takesHeapSnapshot=true, pageLoadStrategy=normal, databaseEnabled=false, handlesAlerts=true, hasTouchScreen=false, version=62.0.3202.94, platform=XP, browserConnectionEnabled=false, nativeEvents=true, acceptSslCerts=true, locationContextEnabled=true, webStorageEnabled=true, browserName=chrome, takesScreenshot=true, javascriptEnabled=true, cssSelectorsEnabled=true, setWindowRect=true, unexpectedAlertBehaviour=}]
Session ID: b2e583fed9e89b586a0190378a0a28dd">
      <![CDATA[org.openqa.selenium.TimeoutException: timeout
  (Session info: chrome=62.0.3202.94)
  (Driver info: chromedriver=2.33.506120 (e3e53437346286c0bc2d2dc9aa4915ba81d9023f),platform=Windows NT 10.0.15063 x86_64) (WARNING: The server did not provide any stacktrace information)
Command duration or timeout: 300.03 seconds
Build info: version: '2.53.1', revision: 'a36b8b1cd5757287168e54b817830adce9b0158d', time: '2016-06-30 19:26:09'
System info: host: 'G10GNLT049', ip: '192.168.0.102', os.name: 'Windows 10', os.arch: 'amd64', os.version: '10.0', java.version: '1.8.0_151'
Driver info: org.openqa.selenium.chrome.ChromeDriver
Capabilities [{applicationCacheEnabled=false, rotatable=false, mobileEmulationEnabled=false, networkConnectionEnabled=false, chrome={chromedriverVersion=2.33.506120 (e3e53437346286c0bc2d2dc9aa4915ba81d9023f), userDataDir=C:\Users\Lenovo\AppData\Local\Temp\scoped_dir74732_9203}, takesHeapSnapshot=true, pageLoadStrategy=normal, databaseEnabled=false, handlesAlerts=true, hasTouchScreen=false, version=62.0.3202.94, platform=XP, browserConnectionEnabled=false, nativeEvents=true, acceptSslCerts=true, locationContextEnabled=true, webStorageEnabled=true, browserName=chrome, takesScreenshot=true, javascriptEnabled=true, cssSelectorsEnabled=true, setWindowRect=true, unexpectedAlertBehaviour=}]
Session ID: b2e583fed9e89b586a0190378a0a28dd
	at org.openqa.selenium.remote.ErrorHandler.createThrowable(ErrorHandler.java:206)
	at org.openqa.selenium.remote.ErrorHandler.throwIfResponseFailed(ErrorHandler.java:158)
	at org.openqa.selenium.remote.RemoteWebDriver.execute(RemoteWebDriver.java:678)
	at org.openqa.selenium.remote.RemoteWebDriver.get(RemoteWebDriver.java:316)
	at com.arc.driver.BaseClass.setup(BaseClass.java:151)
... Removed 28 stack frames]]>
    </failure>
  </testcase> <!-- @BeforeClass setup -->
  <testcase name="@BeforeClass setup" time="0.0" classname="com.arc.testcases.MyBuildings.None.EnergyMeterCreateTest">
    <failure type="org.openqa.selenium.TimeoutException" message="timeout
  (Session info: chrome=62.0.3202.94)
  (Driver info: chromedriver=2.33.506120 (e3e53437346286c0bc2d2dc9aa4915ba81d9023f),platform=Windows NT 10.0.15063 x86_64) (WARNING: The server did not provide any stacktrace information)
Command duration or timeout: 300.02 seconds
Build info: version: &amp;apos;2.53.1&amp;apos;, revision: &amp;apos;a36b8b1cd5757287168e54b817830adce9b0158d&amp;apos;, time: &amp;apos;2016-06-30 19:26:09&amp;apos;
System info: host: &amp;apos;G10GNLT049&amp;apos;, ip: &amp;apos;192.168.0.102&amp;apos;, os.name: &amp;apos;Windows 10&amp;apos;, os.arch: &amp;apos;amd64&amp;apos;, os.version: &amp;apos;10.0&amp;apos;, java.version: &amp;apos;1.8.0_151&amp;apos;
Driver info: org.openqa.selenium.chrome.ChromeDriver
Capabilities [{applicationCacheEnabled=false, rotatable=false, mobileEmulationEnabled=false, networkConnectionEnabled=false, chrome={chromedriverVersion=2.33.506120 (e3e53437346286c0bc2d2dc9aa4915ba81d9023f), userDataDir=C:\Users\Lenovo\AppData\Local\Temp\scoped_dir74812_16461}, takesHeapSnapshot=true, pageLoadStrategy=normal, databaseEnabled=false, handlesAlerts=true, hasTouchScreen=false, version=62.0.3202.94, platform=XP, browserConnectionEnabled=false, nativeEvents=true, acceptSslCerts=true, locationContextEnabled=true, webStorageEnabled=true, browserName=chrome, takesScreenshot=true, javascriptEnabled=true, cssSelectorsEnabled=true, setWindowRect=true, unexpectedAlertBehaviour=}]
Session ID: b9baa264bdd7afa5070e18d77e1b0290">
      <![CDATA[org.openqa.selenium.TimeoutException: timeout
  (Session info: chrome=62.0.3202.94)
  (Driver info: chromedriver=2.33.506120 (e3e53437346286c0bc2d2dc9aa4915ba81d9023f),platform=Windows NT 10.0.15063 x86_64) (WARNING: The server did not provide any stacktrace information)
Command duration or timeout: 300.02 seconds
Build info: version: '2.53.1', revision: 'a36b8b1cd5757287168e54b817830adce9b0158d', time: '2016-06-30 19:26:09'
System info: host: 'G10GNLT049', ip: '192.168.0.102', os.name: 'Windows 10', os.arch: 'amd64', os.version: '10.0', java.version: '1.8.0_151'
Driver info: org.openqa.selenium.chrome.ChromeDriver
Capabilities [{applicationCacheEnabled=false, rotatable=false, mobileEmulationEnabled=false, networkConnectionEnabled=false, chrome={chromedriverVersion=2.33.506120 (e3e53437346286c0bc2d2dc9aa4915ba81d9023f), userDataDir=C:\Users\Lenovo\AppData\Local\Temp\scoped_dir74812_16461}, takesHeapSnapshot=true, pageLoadStrategy=normal, databaseEnabled=false, handlesAlerts=true, hasTouchScreen=false, version=62.0.3202.94, platform=XP, browserConnectionEnabled=false, nativeEvents=true, acceptSslCerts=true, locationContextEnabled=true, webStorageEnabled=true, browserName=chrome, takesScreenshot=true, javascriptEnabled=true, cssSelectorsEnabled=true, setWindowRect=true, unexpectedAlertBehaviour=}]
Session ID: b9baa264bdd7afa5070e18d77e1b0290
	at org.openqa.selenium.remote.ErrorHandler.createThrowable(ErrorHandler.java:206)
	at org.openqa.selenium.remote.ErrorHandler.throwIfResponseFailed(ErrorHandler.java:158)
	at org.openqa.selenium.remote.RemoteWebDriver.execute(RemoteWebDriver.java:678)
	at org.openqa.selenium.remote.RemoteWebDriver.get(RemoteWebDriver.java:316)
	at com.arc.driver.BaseClass.setup(BaseClass.java:151)
... Removed 28 stack frames]]>
    </failure>
  </testcase> <!-- @BeforeClass setup -->
  <testcase name="@BeforeClass setup" time="0.0" classname="com.arc.testcases.MyBuildings.None.WaterMeterCreateTest">
    <failure type="org.openqa.selenium.TimeoutException" message="timeout
  (Session info: chrome=62.0.3202.94)
  (Driver info: chromedriver=2.33.506120 (e3e53437346286c0bc2d2dc9aa4915ba81d9023f),platform=Windows NT 10.0.15063 x86_64) (WARNING: The server did not provide any stacktrace information)
Command duration or timeout: 300.01 seconds
Build info: version: &amp;apos;2.53.1&amp;apos;, revision: &amp;apos;a36b8b1cd5757287168e54b817830adce9b0158d&amp;apos;, time: &amp;apos;2016-06-30 19:26:09&amp;apos;
System info: host: &amp;apos;G10GNLT049&amp;apos;, ip: &amp;apos;192.168.0.102&amp;apos;, os.name: &amp;apos;Windows 10&amp;apos;, os.arch: &amp;apos;amd64&amp;apos;, os.version: &amp;apos;10.0&amp;apos;, java.version: &amp;apos;1.8.0_151&amp;apos;
Driver info: org.openqa.selenium.chrome.ChromeDriver
Capabilities [{applicationCacheEnabled=false, rotatable=false, mobileEmulationEnabled=false, networkConnectionEnabled=false, chrome={chromedriverVersion=2.33.506120 (e3e53437346286c0bc2d2dc9aa4915ba81d9023f), userDataDir=C:\Users\Lenovo\AppData\Local\Temp\scoped_dir73704_15921}, takesHeapSnapshot=true, pageLoadStrategy=normal, databaseEnabled=false, handlesAlerts=true, hasTouchScreen=false, version=62.0.3202.94, platform=XP, browserConnectionEnabled=false, nativeEvents=true, acceptSslCerts=true, locationContextEnabled=true, webStorageEnabled=true, browserName=chrome, takesScreenshot=true, javascriptEnabled=true, cssSelectorsEnabled=true, setWindowRect=true, unexpectedAlertBehaviour=}]
Session ID: c80136bfe5b3e0fb31d880e954602993">
      <![CDATA[org.openqa.selenium.TimeoutException: timeout
  (Session info: chrome=62.0.3202.94)
  (Driver info: chromedriver=2.33.506120 (e3e53437346286c0bc2d2dc9aa4915ba81d9023f),platform=Windows NT 10.0.15063 x86_64) (WARNING: The server did not provide any stacktrace information)
Command duration or timeout: 300.01 seconds
Build info: version: '2.53.1', revision: 'a36b8b1cd5757287168e54b817830adce9b0158d', time: '2016-06-30 19:26:09'
System info: host: 'G10GNLT049', ip: '192.168.0.102', os.name: 'Windows 10', os.arch: 'amd64', os.version: '10.0', java.version: '1.8.0_151'
Driver info: org.openqa.selenium.chrome.ChromeDriver
Capabilities [{applicationCacheEnabled=false, rotatable=false, mobileEmulationEnabled=false, networkConnectionEnabled=false, chrome={chromedriverVersion=2.33.506120 (e3e53437346286c0bc2d2dc9aa4915ba81d9023f), userDataDir=C:\Users\Lenovo\AppData\Local\Temp\scoped_dir73704_15921}, takesHeapSnapshot=true, pageLoadStrategy=normal, databaseEnabled=false, handlesAlerts=true, hasTouchScreen=false, version=62.0.3202.94, platform=XP, browserConnectionEnabled=false, nativeEvents=true, acceptSslCerts=true, locationContextEnabled=true, webStorageEnabled=true, browserName=chrome, takesScreenshot=true, javascriptEnabled=true, cssSelectorsEnabled=true, setWindowRect=true, unexpectedAlertBehaviour=}]
Session ID: c80136bfe5b3e0fb31d880e954602993
	at org.openqa.selenium.remote.ErrorHandler.createThrowable(ErrorHandler.java:206)
	at org.openqa.selenium.remote.ErrorHandler.throwIfResponseFailed(ErrorHandler.java:158)
	at org.openqa.selenium.remote.RemoteWebDriver.execute(RemoteWebDriver.java:678)
	at org.openqa.selenium.remote.RemoteWebDriver.get(RemoteWebDriver.java:316)
	at com.arc.driver.BaseClass.setup(BaseClass.java:151)
... Removed 28 stack frames]]>
    </failure>
  </testcase> <!-- @BeforeClass setup -->
  <testcase name="loginCase" time="20.161" classname="com.arc.testcases.MyBuildings.None.LoginCaseTest"/>
  <testcase name="clickSearchedProgram" time="88.557" classname="com.arc.testcases.MyBuildings.None.ClickSearchedProgramTest"/>
  <testcase name="addNewProject" time="0.004" classname="com.arc.testcases.MyBuildings.None.AddNewProjectTest">
    <skipped/>
  </testcase> <!-- addNewProject -->
  <testcase name="paymentbyCC" time="0.0" classname="com.arc.testcases.MyBuildings.None.PaymentbyCCTest">
    <skipped/>
  </testcase> <!-- paymentbyCC -->
  <testcase name="billingStatusVerification" time="0.0" classname="com.arc.testcases.MyBuildings.None.VerifyPRFileDownloadTest">
    <skipped/>
  </testcase> <!-- billingStatusVerification -->
  <testcase name="energyMeterCreate" time="0.0" classname="com.arc.testcases.MyBuildings.None.EnergyMeterCreateTest">
    <skipped/>
  </testcase> <!-- energyMeterCreate -->
  <testcase name="waterMeterCreate" time="0.0" classname="com.arc.testcases.MyBuildings.None.WaterMeterCreateTest">
    <skipped/>
  </testcase> <!-- waterMeterCreate -->
  <testcase name="wasteMeterCreate" time="0.0" classname="com.arc.testcases.MyBuildings.None.WasteMeterCreateTest">
    <skipped/>
  </testcase> <!-- wasteMeterCreate -->
  <testcase name="projectFieldVerification" time="0.0" classname="com.arc.testcases.MyBuildings.None.ProjectFieldVerificationTest">
    <skipped/>
  </testcase> <!-- projectFieldVerification -->
  <testcase name="editProjectDetails" time="0.0" classname="com.arc.testcases.MyBuildings.None.EditProjectDetailsTest">
    <skipped/>
  </testcase> <!-- editProjectDetails -->
  <testcase name="projectDetailsVerification" time="0.0" classname="com.arc.testcases.MyBuildings.None.ProjectDetailsVerificationTest">
    <skipped/>
  </testcase> <!-- projectDetailsVerification -->
  <testcase name="addTeamMember" time="0.0" classname="com.arc.testcases.MyBuildings.None.AddTeamMemberTest">
    <skipped/>
  </testcase> <!-- addTeamMember -->
  <testcase name="editMemberRoleManager" time="0.0" classname="com.arc.testcases.MyBuildings.None.EditMemberRoleManagerTest">
    <skipped/>
  </testcase> <!-- editMemberRoleManager -->
  <testcase name="verifyAgreementFileDownload" time="0.0" classname="com.arc.testcases.MyBuildings.None.VerifyAgreementFileDownloadTest">
    <skipped/>
  </testcase> <!-- verifyAgreementFileDownload -->
  <testcase name="installAllApps" time="0.0" classname="com.arc.testcases.MyBuildings.None.InstallAllAppsTest">
    <skipped/>
  </testcase> <!-- installAllApps -->
  <testcase name="installAllApps" time="0.0" classname="com.arc.testcases.MyBuildings.None.UnistallAllAppsTest">
    <skipped/>
  </testcase> <!-- installAllApps -->
  <testcase name="billingDateVerification" time="0.0" classname="com.arc.testcases.MyBuildings.None.BillingDateVerificationTest">
    <skipped/>
  </testcase> <!-- billingDateVerification -->
  <testcase name="billingRegistrationAmountVerification" time="0.0" classname="com.arc.testcases.MyBuildings.None.BillingRegistrationAmountVerificationTest">
    <skipped/>
  </testcase> <!-- billingRegistrationAmountVerification -->
  <testcase name="billingStatusVerificationTest" time="0.001" classname="com.arc.testcases.MyBuildings.None.BillingStatusVerificationTest">
    <skipped/>
  </testcase> <!-- billingStatusVerificationTest -->
  <testcase name="wasteMeterEditReading" time="0.0" classname="com.arc.testcases.MyBuildings.None.WasteMeterEditReadingTest">
    <skipped/>
  </testcase> <!-- wasteMeterEditReading -->
  <testcase name="energyFileUpload" time="0.0" classname="com.arc.testcases.MyBuildings.None.EnergyFileUploadTest">
    <skipped/>
  </testcase> <!-- energyFileUpload -->
  <testcase name="waterFileUpload" time="0.0" classname="com.arc.testcases.MyBuildings.None.WaterFileUploadTest">
    <skipped/>
  </testcase> <!-- waterFileUpload -->
  <testcase name="wasteMeterEditReading" time="0.0" classname="com.arc.testcases.MyBuildings.None.WasteReadingDateOverlappingTest">
    <skipped/>
  </testcase> <!-- wasteMeterEditReading -->
  <testcase name="PerformanceScoreVerificationReview" time="0.0" classname="com.arc.testcases.MyBuildings.None.PerformanceScoreVerificationReviewTest">
    <skipped/>
  </testcase> <!-- PerformanceScoreVerificationReview -->
</testsuite> <!-- ARCRegressionTest-Building-None -->
